1660451589816	geckodriver	INFO	Listening on 127.0.0.1:61554
1660451592903	mozrunner::runner	INFO	Running command: "C:\\Program Files\\Mozilla Firefox\\firefox.exe" "--marionette" "--remote-debugging-port" "61555" "--remote-allow-hosts" "localhost" "-no-remote" "-profile" "C:\\Users\\USER\\AppData\\Local\\Temp\\rust_mozprofilexxWIQa"
1660451606705	Marionette	INFO	Marionette enabled
1660451606769	Marionette	INFO	Listening on port 61567
Read port: 61567
WebDriver BiDi listening on ws://localhost:61555
Read port: 61567
1660451608914	RemoteAgent	WARN	TLS certificate errors will be ignored for this session
console.error: Region.jsm: "Error fetching region" (new Error("TIMEOUT", "resource://gre/modules/Region.jsm", 769))
console.error: Region.jsm: "Failed to fetch region" (new Error("TIMEOUT", "resource://gre/modules/Region.jsm", 421))
console.warn: SearchSettings: "get: No settings file exists, new profile?" (new NotFoundError("Could not open the file at C:\\Users\\USER\\AppData\\Local\\Temp\\rust_mozprofilexxWIQa\\search.json.mozlz4", (void 0)))
DevTools listening on ws://localhost:61555/devtools/browser/18a91872-23d3-4e3f-ba64-ae1af001de19
1660451714528	Marionette	INFO	Stopped listening on port 61567
[Parent 14672, IPC I/O Parent] WARNING: file /builds/worker/checkouts/gecko/ipc/chromium/src/base/process_util_win.cc:167
console.warn: TopSitesFeed: Failed to fetch data from Contile server: NetworkError when attempting to fetch resource.
1660451953864	geckodriver	INFO	Listening on 127.0.0.1:61604
1660451957169	mozrunner::runner	INFO	Running command: "C:\\Program Files\\Mozilla Firefox\\firefox.exe" "--marionette" "--remote-debugging-port" "61605" "--remote-allow-hosts" "localhost" "-no-remote" "-profile" "C:\\Users\\USER\\AppData\\Local\\Temp\\rust_mozprofileujpiUJ"
1660451960330	Marionette	INFO	Marionette enabled
1660451960342	Marionette	INFO	Listening on port 61616
Read port: 61616
WebDriver BiDi listening on ws://localhost:61605
1660451963948	RemoteAgent	WARN	TLS certificate errors will be ignored for this session
console.error: Region.jsm: "Error fetching region" (new AbortError("The operation was aborted. ", (void 0), 767))
console.error: Region.jsm: "Failed to fetch region" (new Error("NO_RESULT", "resource://gre/modules/Region.jsm", 421))
console.warn: SearchSettings: "get: No settings file exists, new profile?" (new NotFoundError("Could not open the file at C:\\Users\\USER\\AppData\\Local\\Temp\\rust_mozprofileujpiUJ\\search.json.mozlz4", (void 0)))
DevTools listening on ws://localhost:61605/devtools/browser/a0f11c99-7e09-40a0-9294-b6547e53c1c6
1660452032048	Marionette	INFO	Stopped listening on port 61616
[Parent 14216, IPC I/O Parent] WARNING: file /builds/worker/checkouts/gecko/ipc/chromium/src/base/process_util_win.cc:167
console.warn: TopSitesFeed: Failed to fetch data from Contile server: NetworkError when attempting to fetch resource.
1660454448770	geckodriver	INFO	Listening on 127.0.0.1:61800
1660454452305	mozrunner::runner	INFO	Running command: "C:\\Program Files\\Mozilla Firefox\\firefox.exe" "--marionette" "--remote-debugging-port" "61801" "--remote-allow-hosts" "localhost" "-no-remote" "-profile" "C:\\Users\\USER\\AppData\\Local\\Temp\\rust_mozprofileGEKMGJ"
1660454456825	Marionette	INFO	Marionette enabled
1660454456835	Marionette	INFO	Listening on port 61810
WebDriver BiDi listening on ws://localhost:61801
Read port: 61810
1660454459152	RemoteAgent	WARN	TLS certificate errors will be ignored for this session
console.error: Region.jsm: "Error fetching region" (new Error("TIMEOUT", "resource://gre/modules/Region.jsm", 769))
console.error: Region.jsm: "Failed to fetch region" (new Error("TIMEOUT", "resource://gre/modules/Region.jsm", 421))
console.warn: SearchSettings: "get: No settings file exists, new profile?" (new NotFoundError("Could not open the file at C:\\Users\\USER\\AppData\\Local\\Temp\\rust_mozprofileGEKMGJ\\search.json.mozlz4", (void 0)))
DevTools listening on ws://localhost:61801/devtools/browser/591589e3-71b4-4b74-9d82-80d099cfffb7
1660454535470	Marionette	INFO	Stopped listening on port 61810
[Parent 6680, IPC I/O Parent] WARNING: file /builds/worker/checkouts/gecko/ipc/chromium/src/base/process_util_win.cc:167
[Parent 6680, IPC I/O Parent] WARNING: file /builds/worker/checkouts/gecko/ipc/chromium/src/base/process_util_win.cc:167
console.warn: TopSitesFeed: Failed to fetch data from Contile server: NetworkError when attempting to fetch resource.
